

*******************************************************************************
Tue Mar 10 21:21:09 2015


FIT:    data read from 'doppelloch2.csv' u 1:($3/a):(b)
        #datapoints = 15
function used for fitting: f(x)
fitted parameters initialized with current variable values



 Iteration 0
 WSSR        : 15                delta(WSSR)/WSSR   : 0
 delta(WSSR) : 0                 limit for stopping : 1e-005
 lambda	  : 0.000351016

initial set of free parameter values

m               = 0.00130272
b               = 4900

After 5 iterations the fit converged.
final sum of squares of residuals : 2.18842e-015
rel. change during last iteration : -1.35176e-014

degrees of freedom    (FIT_NDF)                        : 13
rms of residuals      (FIT_STDFIT) = sqrt(WSSR/ndf)    : 1.29746e-008
variance of residuals (reduced chisquare) = WSSR/ndf   : 1.6834e-016

Final set of parameters            Asymptotic Standard Error
=======================            ==========================

m               = 0.000680612      +/- 7.599e-006   (1.116%)
b               = 7.05782e-005     +/- 1.685e-005   (23.87%)


correlation matrix of the fit parameters:

               m      b      
m               1.000 
b              -0.225  1.000 
