

*******************************************************************************
Tue Mar 10 23:53:38 2015


FIT:    data read from 'doppelloch1.csv' u 1:($3/a):(c)
        #datapoints = 9
function used for fitting: f(x)
fitted parameters initialized with current variable values



 Iteration 0
 WSSR        : 1840.4            delta(WSSR)/WSSR   : 0
 delta(WSSR) : 0                 limit for stopping : 1e-005
 lambda	  : 5.65803

initial set of free parameter values

m               = 3.56244
b               = -0.032418

After 4 iterations the fit converged.
final sum of squares of residuals : 0.955833
rel. change during last iteration : 0

degrees of freedom    (FIT_NDF)                        : 7
rms of residuals      (FIT_STDFIT) = sqrt(WSSR/ndf)    : 0.369524
variance of residuals (reduced chisquare) = WSSR/ndf   : 0.136548

Final set of parameters            Asymptotic Standard Error
=======================            ==========================

m               = 1.30272          +/- 0.01947      (1.495%)
b               = 0.0102041        +/- 0.02514      (246.3%)


correlation matrix of the fit parameters:

               m      b      
m               1.000 
b              -0.000  1.000 


*******************************************************************************
Wed Mar 11 18:39:07 2015


FIT:    data read from 'doppelloch1.csv' u 1:($3/a):(c)
        #datapoints = 9
function used for fitting: f(x)
fitted parameters initialized with current variable values



 Iteration 0
 WSSR        : 1454.94           delta(WSSR)/WSSR   : 0
 delta(WSSR) : 0                 limit for stopping : 1e-005
 lambda	  : 5.65803

initial set of free parameter values

m               = 3.31187
b               = -0.0178611

After 3 iterations the fit converged.
final sum of squares of residuals : 0.955833
rel. change during last iteration : -8.00072e-006

degrees of freedom    (FIT_NDF)                        : 7
rms of residuals      (FIT_STDFIT) = sqrt(WSSR/ndf)    : 0.369524
variance of residuals (reduced chisquare) = WSSR/ndf   : 0.136548

Final set of parameters            Asymptotic Standard Error
=======================            ==========================

m               = 1.30272          +/- 0.01947      (1.495%)
b               = 0.0102041        +/- 0.02514      (246.3%)


correlation matrix of the fit parameters:

               m      b      
m               1.000 
b              -0.000  1.000 
