

*******************************************************************************
Tue Mar 10 23:53:36 2015


FIT:    data read from 'gitter.csv' u 1:($3/a):(c)
        #datapoints = 14
function used for fitting: f(x)
fitted parameters initialized with current variable values



 Iteration 0
 WSSR        : 7738.26           delta(WSSR)/WSSR   : 0
 delta(WSSR) : 0                 limit for stopping : 1e-005
 lambda	  : 9.10841

initial set of free parameter values

m               = 3.29225
b               = 0.0238095

After 3 iterations the fit converged.
final sum of squares of residuals : 14.0479
rel. change during last iteration : -3.16408e-006

degrees of freedom    (FIT_NDF)                        : 12
rms of residuals      (FIT_STDFIT) = sqrt(WSSR/ndf)    : 1.08197
variance of residuals (reduced chisquare) = WSSR/ndf   : 1.17066

Final set of parameters            Asymptotic Standard Error
=======================            ==========================

m               = 1.31012          +/- 0.02775      (2.118%)
b               = -0.028819        +/- 0.06747      (234.1%)


correlation matrix of the fit parameters:

               m      b      
m               1.000 
b               0.485  1.000 


*******************************************************************************
Wed Mar 11 18:39:05 2015


FIT:    data read from 'gitter.csv' u 1:($3/a):(c)
        #datapoints = 14
function used for fitting: f(x)
fitted parameters initialized with current variable values



 Iteration 0
 WSSR        : 813.717           delta(WSSR)/WSSR   : 0
 delta(WSSR) : 0                 limit for stopping : 1e-005
 lambda	  : 9.10841

initial set of free parameter values

m               = 1
b               = 1

After 4 iterations the fit converged.
final sum of squares of residuals : 14.0479
rel. change during last iteration : -1.20128e-014

degrees of freedom    (FIT_NDF)                        : 12
rms of residuals      (FIT_STDFIT) = sqrt(WSSR/ndf)    : 1.08197
variance of residuals (reduced chisquare) = WSSR/ndf   : 1.17066

Final set of parameters            Asymptotic Standard Error
=======================            ==========================

m               = 1.31012          +/- 0.02775      (2.118%)
b               = -0.028819        +/- 0.06747      (234.1%)


correlation matrix of the fit parameters:

               m      b      
m               1.000 
b               0.485  1.000 
