

*******************************************************************************
Tue Mar 10 23:53:37 2015


FIT:    data read from 'loch.csv' u 1:($3/a):(c)
        #datapoints = 14
function used for fitting: f(x)
fitted parameters initialized with current variable values



 Iteration 0
 WSSR        : 10435.3           delta(WSSR)/WSSR   : 0
 delta(WSSR) : 0                 limit for stopping : 1e-005
 lambda	  : 9.23695

initial set of free parameter values

m               = 1.31012
b               = -0.028819

After 3 iterations the fit converged.
final sum of squares of residuals : 22.83
rel. change during last iteration : -1.91118e-007

degrees of freedom    (FIT_NDF)                        : 12
rms of residuals      (FIT_STDFIT) = sqrt(WSSR/ndf)    : 1.37931
variance of residuals (reduced chisquare) = WSSR/ndf   : 1.9025

Final set of parameters            Asymptotic Standard Error
=======================            ==========================

m               = 3.56244          +/- 0.03065      (0.8603%)
b               = -0.032418        +/- 0.07574      (233.6%)


correlation matrix of the fit parameters:

               m      b      
m               1.000 
b              -0.116  1.000 
