

*******************************************************************************
Tue Mar 10 21:21:10 2015


FIT:    data read from 'spalt.csv' u 1:($3/a):(b)
        #datapoints = 15
function used for fitting: f(x)
fitted parameters initialized with current variable values



 Iteration 0
 WSSR        : 15                delta(WSSR)/WSSR   : 0
 delta(WSSR) : 0                 limit for stopping : 1e-005
 lambda	  : 0.000402167

initial set of free parameter values

m               = 0.000680612
b               = 4900

After 5 iterations the fit converged.
final sum of squares of residuals : 5.44171e-015
rel. change during last iteration : -3.46468e-014

degrees of freedom    (FIT_NDF)                        : 13
rms of residuals      (FIT_STDFIT) = sqrt(WSSR/ndf)    : 2.04595e-008
variance of residuals (reduced chisquare) = WSSR/ndf   : 4.18593e-016

Final set of parameters            Asymptotic Standard Error
=======================            ==========================

m               = 0.00292978       +/- 9.951e-006   (0.3396%)
b               = -5.57823e-005    +/- 2.588e-005   (46.4%)


correlation matrix of the fit parameters:

               m      b      
m               1.000 
b              -0.000  1.000 
